{
  "RSpec": {
    "coverage": {
      "/Users/melanietran/turing/mod2/independent_challenges/field_trip/config/environment.rb": {
        "lines": [
          null,
          1,
          null,
          null,
          1
        ]
      },
      "/Users/melanietran/turing/mod2/independent_challenges/field_trip/config/application.rb": {
        "lines": [
          1,
          null,
          1,
          null,
          1,
          1,
          1,
          1,
          1,
          1,
          1,
          1,
          null,
          null,
          null,
          null,
          1,
          null,
          1,
          1,
          null,
          1,
          null,
          null,
          null,
          null,
          null,
          null,
          1,
          null,
          null
        ]
      },
      "/Users/melanietran/turing/mod2/independent_challenges/field_trip/config/boot.rb": {
        "lines": [
          1,
          null,
          1
        ]
      },
      "/Users/melanietran/turing/mod2/independent_challenges/field_trip/config/environments/test.rb": {
        "lines": [
          1,
          null,
          null,
          null,
          null,
          null,
          null,
          1,
          null,
          null,
          null,
          null,
          1,
          null,
          null,
          1,
          1,
          null,
          null,
          null,
          null,
          1,
          1,
          null,
          null,
          1,
          null,
          null,
          1,
          1,
          null,
          null,
          null,
          null,
          1,
          null,
          null,
          1,
          null,
          null,
          null,
          null
        ]
      },
      "/Users/melanietran/turing/mod2/independent_challenges/field_trip/config/initializers/application_controller_renderer.rb": {
        "lines": [
          null,
          null,
          null,
          null,
          null,
          null,
          null,
          null
        ]
      },
      "/Users/melanietran/turing/mod2/independent_challenges/field_trip/config/initializers/assets.rb": {
        "lines": [
          null,
          null,
          null,
          1,
          null,
          null,
          null,
          null,
          1,
          null,
          null,
          null,
          null,
          null
        ]
      },
      "/Users/melanietran/turing/mod2/independent_challenges/field_trip/config/initializers/backtrace_silencers.rb": {
        "lines": [
          null,
          null,
          null,
          null,
          null,
          null,
          null
        ]
      },
      "/Users/melanietran/turing/mod2/independent_challenges/field_trip/config/initializers/cookies_serializer.rb": {
        "lines": [
          null,
          null,
          null,
          null,
          1
        ]
      },
      "/Users/melanietran/turing/mod2/independent_challenges/field_trip/config/initializers/filter_parameter_logging.rb": {
        "lines": [
          null,
          null,
          null,
          1
        ]
      },
      "/Users/melanietran/turing/mod2/independent_challenges/field_trip/config/initializers/inflections.rb": {
        "lines": [
          null,
          null,
          null,
          null,
          null,
          null,
          null,
          null,
          null,
          null,
          null,
          null,
          null,
          null,
          null,
          null
        ]
      },
      "/Users/melanietran/turing/mod2/independent_challenges/field_trip/config/initializers/mime_types.rb": {
        "lines": [
          null,
          null,
          null,
          null
        ]
      },
      "/Users/melanietran/turing/mod2/independent_challenges/field_trip/config/initializers/wrap_parameters.rb": {
        "lines": [
          null,
          null,
          null,
          null,
          null,
          null,
          1,
          2,
          null,
          null,
          null,
          null,
          null,
          null
        ]
      },
      "/Users/melanietran/turing/mod2/independent_challenges/field_trip/config/routes.rb": {
        "lines": [
          1,
          null,
          null
        ]
      },
      "/Users/melanietran/turing/mod2/independent_challenges/field_trip/app/helpers/application_helper.rb": {
        "lines": [
          1,
          null
        ]
      },
      "/Users/melanietran/turing/mod2/independent_challenges/field_trip/app/models/airline.rb": {
        "lines": [
          1,
          null
        ]
      },
      "/Users/melanietran/turing/mod2/independent_challenges/field_trip/app/models/application_record.rb": {
        "lines": [
          1,
          1,
          null
        ]
      },
      "/Users/melanietran/turing/mod2/independent_challenges/field_trip/spec/models/flight_spec.rb": {
        "lines": [
          1,
          null,
          1,
          1,
          2,
          2,
          2,
          null,
          null
        ]
      },
      "/Users/melanietran/turing/mod2/independent_challenges/field_trip/app/models/flight.rb": {
        "lines": [
          1,
          null,
          null
        ]
      },
      "/Users/melanietran/turing/mod2/independent_challenges/field_trip/spec/models/passenger_flight_spec.rb": {
        "lines": [
          1,
          null,
          1,
          1,
          2,
          2,
          null,
          null
        ]
      },
      "/Users/melanietran/turing/mod2/independent_challenges/field_trip/app/models/passenger_flight.rb": {
        "lines": [
          1,
          null,
          null
        ]
      },
      "/Users/melanietran/turing/mod2/independent_challenges/field_trip/spec/models/passenger_spec.rb": {
        "lines": [
          1,
          null,
          1,
          1,
          2,
          2,
          null,
          null
        ]
      },
      "/Users/melanietran/turing/mod2/independent_challenges/field_trip/app/models/passenger.rb": {
        "lines": [
          1,
          null,
          null
        ]
      }
    },
    "timestamp": 1602372190
  }
}
